<?xml version="1.0" encoding="UTF-8"?>
<!-- Generated by org.testng.reporters.JUnitXMLReporter -->
<testsuite hostname="zuoqiang-PC" name="JUnitTests" tests="1" failures="0" timestamp="8 Apr 2016 06:16:20 GMT" time="0.249" errors="0">
  <testcase name="testAdd on testAdd(com.testng.TestJunit)" time="0.01" classname="com.testng.TestJunit"/>
</testsuite> <!-- JUnitTests -->
