<?xml version="1.0" encoding="UTF-8"?>
<!-- Generated by org.testng.reporters.JUnitReportReporter -->
<testsuite hostname="zxy-PC" name="com.testng.ParamTestWithDataProvider2" tests="1" failures="0" timestamp="9 Apr 2016 01:59:34 GMT" time="0.067" errors="0">
  <testcase name="testMethod" time="0.067" classname="com.testng.ParamTestWithDataProvider2"/>
</testsuite> <!-- com.testng.ParamTestWithDataProvider2 -->
