<?xml version="1.0" encoding="UTF-8"?>
<!-- Generated by org.testng.reporters.JUnitReportReporter -->
<testsuite hostname="zuoqiang-PC" name="org.inspur.ics.client.autotest.aaaaatestng" tests="2" failures="0" timestamp="12 Apr 2016 03:32:27 GMT" time="1.011" errors="0">
  <testcase name="getHostInfo" time="0.348" classname="org.inspur.ics.client.autotest.aaaaatestng"/>
  <testcase name="init" time="0.663" classname="org.inspur.ics.client.autotest.aaaaatestng"/>
</testsuite> <!-- org.inspur.ics.client.autotest.aaaaatestng -->
