<?xml version="1.0" encoding="UTF-8"?>
<!-- Generated by org.testng.reporters.JUnitReportReporter -->
<testsuite hostname="zuoqiang-PC" name="com.testng.TestNGExample" tests="1" failures="0" timestamp="11 Apr 2016 01:01:22 GMT" time="0.104" errors="0">
  <testcase name="testPrintMessage" time="0.104" classname="com.testng.TestNGExample"/>
</testsuite> <!-- com.testng.TestNGExample -->
