<?xml version="1.0" encoding="UTF-8"?>
<!-- Generated by org.testng.reporters.JUnitReportReporter -->
<testsuite hostname="zuoqiang-PC" name="com.testng.TestngAnnotation" tests="2" failures="0" timestamp="7 Apr 2016 07:56:58 GMT" time="0.008" errors="0">
  <testcase name="testCase1" time="0.006" classname="com.testng.TestngAnnotation"/>
  <testcase name="testCase2" time="0.002" classname="com.testng.TestngAnnotation"/>
</testsuite> <!-- com.testng.TestngAnnotation -->
