<?xml version="1.0" encoding="UTF-8"?>
<!-- Generated by org.testng.reporters.JUnitReportReporter -->
<testsuite hostname="zuoqiang-PC" name="org.inspur.ics.client.autotest.AlarmServiceTest" tests="3" failures="0" timestamp="12 Apr 2016 07:53:02 GMT" time="1.421" errors="0">
  <testcase name="testUpdateHostAlarmStrategy" time="0.628" classname="org.inspur.ics.client.autotest.AlarmServiceTest"/>
  <testcase name="init" time="0.684" classname="org.inspur.ics.client.autotest.AlarmServiceTest"/>
  <testcase name="testGetAllEvents" time="0.109" classname="org.inspur.ics.client.autotest.AlarmServiceTest"/>
</testsuite> <!-- org.inspur.ics.client.autotest.AlarmServiceTest -->
