<?xml version="1.0" encoding="UTF-8"?>
<!-- Generated by org.testng.reporters.JUnitReportReporter -->
<testsuite hostname="zuoqiang-PC" name="org.inspur.ics.client.autotest.ClusterServiceTest" tests="4" failures="0" timestamp="14 Apr 2016 06:43:28 GMT" time="2.140" errors="0">
  <testcase name="addHost" time="0.891" classname="org.inspur.ics.client.autotest.ClusterServiceTest"/>
  <testcase name="getAllCluster" time="0.453" classname="org.inspur.ics.client.autotest.ClusterServiceTest"/>
  <testcase name="init" time="0.795" classname="org.inspur.ics.client.autotest.ClusterServiceTest"/>
  <testcase name="getAllHeartbeatDevice" time="0.001" classname="org.inspur.ics.client.autotest.ClusterServiceTest"/>
</testsuite> <!-- org.inspur.ics.client.autotest.ClusterServiceTest -->
