<?xml version="1.0" encoding="UTF-8"?>
<!-- Generated by org.testng.reporters.JUnitReportReporter -->
<testsuite hostname="zuoqiang-PC" name="org.inspur.ics.client.autotest.aaaaatestng" tests="2" failures="0" timestamp="27 Apr 2016 07:35:37 GMT" time="1.361" errors="0">
  <testcase name="getHostInfo" time="0.307" classname="org.inspur.ics.client.autotest.aaaaatestng"/>
  <testcase name="init" time="1.054" classname="org.inspur.ics.client.autotest.aaaaatestng"/>
</testsuite> <!-- org.inspur.ics.client.autotest.aaaaatestng -->
