<?xml version="1.0" encoding="UTF-8"?>
<!-- Generated by org.testng.reporters.JUnitReportReporter -->
<testsuite hostname="zuoqiang-PC" name="org.ovirt.engine.autotest.atestng" tests="1" failures="0" timestamp="11 Apr 2016 06:46:42 GMT" time="1.836" errors="0">
  <testcase name="testGetTags" time="1.836" classname="org.ovirt.engine.autotest.atestng"/>
</testsuite> <!-- org.ovirt.engine.autotest.atestng -->
