<?xml version="1.0" encoding="UTF-8"?>
<!-- Generated by org.testng.reporters.JUnitReportReporter -->
<testsuite hostname="zuoqiang-PC" name="com.testng.IgnoreTest" tests="1" failures="0" timestamp="8 Apr 2016 01:16:57 GMT" time="0.014" errors="0">
  <testcase name="testSalutationMessage" time="0.014" classname="com.testng.IgnoreTest"/>
</testsuite> <!-- com.testng.IgnoreTest -->
