<?xml version="1.0" encoding="UTF-8"?>
<!-- Generated by org.testng.reporters.JUnitReportReporter -->
<testsuite hostname="zuoqiang-PC" name="com.testng.Test1" tests="1" failures="0" timestamp="7 Apr 2016 09:20:38 GMT" time="0.011" errors="0">
  <testcase name="testPrintMessage" time="0.011" classname="com.testng.Test1"/>
</testsuite> <!-- com.testng.Test1 -->
