<?xml version="1.0" encoding="UTF-8"?>
<!-- Generated by org.testng.reporters.JUnitReportReporter -->
<testsuite hostname="zuoqiang-PC" name="org.inspur.ics.client.autotest.AlarmServiceTest" tests="3" failures="0" timestamp="27 Apr 2016 07:35:37 GMT" time="4.251" errors="0">
  <testcase name="testUpdateHostAlarmStrategy" time="1.292" classname="org.inspur.ics.client.autotest.AlarmServiceTest"/>
  <testcase name="init" time="2.525" classname="org.inspur.ics.client.autotest.AlarmServiceTest"/>
  <testcase name="testGetAllEvents" time="0.434" classname="org.inspur.ics.client.autotest.AlarmServiceTest"/>
</testsuite> <!-- org.inspur.ics.client.autotest.AlarmServiceTest -->
