<?xml version="1.0" encoding="UTF-8"?>
<!-- Generated by org.testng.reporters.JUnitReportReporter -->
<testsuite hostname="zuoqiang-PC" name="com.testng.TestNGExample" tests="1" failures="0" timestamp="14 Feb 2016 02:46:23 GMT" time="0.026" errors="0">
  <testcase name="testPrintMessage" time="0.026" classname="com.testng.TestNGExample"/>
</testsuite> <!-- com.testng.TestNGExample -->
