<?xml version="1.0" encoding="UTF-8"?>
<!-- Generated by org.testng.reporters.JUnitReportReporter -->
<testsuite hostname="zuoqiang-PC" name="com.testng.TestJunit" tests="1" failures="0" timestamp="8 Apr 2016 06:16:20 GMT" time="0.010" errors="0">
  <testcase name="testAdd" time="0.010" classname="com.testng.TestJunit"/>
</testsuite> <!-- com.testng.TestJunit -->
