<?xml version="1.0" encoding="UTF-8"?>
<!-- Generated by org.testng.reporters.JUnitReportReporter -->
<testsuite hostname="zuoqiang-PC" name="com.testng.ExpectedExceptionTest" tests="2" failures="0" timestamp="8 Apr 2016 02:55:43 GMT" time="0.011" errors="0">
  <testcase name="testPrintMessageException" time="0.009" classname="com.testng.ExpectedExceptionTest"/>
  <testcase name="testSalutationMessage" time="0.002" classname="com.testng.ExpectedExceptionTest"/>
</testsuite> <!-- com.testng.ExpectedExceptionTest -->
