<?xml version="1.0" encoding="UTF-8"?>
<!-- Generated by org.testng.reporters.JUnitReportReporter -->
<testsuite hostname="zuoqiang-PC" name="com.testng.ParameterizedTest1" tests="1" failures="0" timestamp="8 Apr 2016 03:32:19 GMT" time="0.041" errors="0">
  <testcase name="parameterTest" time="0.041" classname="com.testng.ParameterizedTest1"/>
</testsuite> <!-- com.testng.ParameterizedTest1 -->
