<?xml version="1.0" encoding="UTF-8"?>
<!-- Generated by org.testng.reporters.JUnitReportReporter -->
<testsuite hostname="zuoqiang-PC" name="com.testng.GroupTestExample" tests="3" failures="0" timestamp="8 Apr 2016 02:53:57 GMT" time="0.011" errors="0">
  <testcase name="testingExitMessage" time="0.000" classname="com.testng.GroupTestExample"/>
  <testcase name="testPrintMessage" time="0.011" classname="com.testng.GroupTestExample"/>
  <testcase name="testSalutationMessage" time="0.000" classname="com.testng.GroupTestExample"/>
</testsuite> <!-- com.testng.GroupTestExample -->
