<?xml version="1.0" encoding="UTF-8"?>
<!-- Generated by org.testng.reporters.JUnitReportReporter -->
<testsuite hostname="zuoqiang-PC" name="com.testng.TestEmployeeDetails" tests="2" failures="0" timestamp="27 Apr 2016 06:34:34 GMT" time="0.013" errors="0">
  <testcase name="testCalculateAppriasal" time="0.012" classname="com.testng.TestEmployeeDetails"/>
  <testcase name="testCalculateYearlySalay" time="0.001" classname="com.testng.TestEmployeeDetails"/>
</testsuite> <!-- com.testng.TestEmployeeDetails -->
