<?xml version="1.0" encoding="UTF-8"?>
<!-- Generated by org.testng.reporters.JUnitReportReporter -->
<testsuite hostname="zuoqiang-PC" name="com.testng.ParamTestWithDataProvider1" tests="5" failures="0" timestamp="8 Apr 2016 05:54:15 GMT" time="0.027" errors="0">
  <testcase name="testPrimeNumber" time="0.021" classname="com.testng.ParamTestWithDataProvider1"/>
  <testcase name="testPrimeNumber" time="0.000" classname="com.testng.ParamTestWithDataProvider1"/>
  <testcase name="testPrimeNumber" time="0.001" classname="com.testng.ParamTestWithDataProvider1"/>
  <testcase name="testPrimeNumber" time="0.005" classname="com.testng.ParamTestWithDataProvider1"/>
  <testcase name="testPrimeNumber" time="0.000" classname="com.testng.ParamTestWithDataProvider1"/>
</testsuite> <!-- com.testng.ParamTestWithDataProvider1 -->
